[/place]: ::1 asked for 'undefined'
[/weather]: ::1 asked for 'Iasi'
[/place]: ::1 asked for 'B'
[/place]: ::1 asked for 'Bu'
[/place]: ::1 asked for 'Buc'
[/place]: ::1 asked for 'Bucu'
[/place]: ::1 asked for 'Bucu'
[/place]: ::1 asked for 'Bucur'
[/place]: ::1 asked for 'Bucure'
[/place]: ::1 asked for 'Bucures'
[/pictures]: ::1 asked for 'Iasi'
[/weather]: ::1 asked for 'Bucharest'
[/pictures]: ::1 asked for 'Bucharest'
[/place]: undefined asked for 'Bucharest, Romania'
[/weather]: ::1 asked for 'Iasi'
[/pictures]: ::1 asked for 'Iasi'
[/place]: ::1 asked for 'B'
[/place]: ::1 asked for 'Bu'
[/place]: ::1 asked for 'Bucu'
[/place]: ::1 asked for 'Bu'
[/place]: ::1 asked for 'Bucu'
[/place]: ::1 asked for 'Buc'
[/place]: ::1 asked for 'Bu'
[/place]: ::1 asked for 'B'
[/place]: ::1 asked for 'Bo'
[/place]: ::1 asked for 'Boto'
[/place]: ::1 asked for 'Boto'
[/place]: ::1 asked for 'Botosa'
[/place]: ::1 asked for 'Botosa'
[/place]: ::1 asked for 'Botosan'
[/weather]: ::1 asked for 'Botosani'
[/pictures]: ::1 asked for 'Botosani'
[/place]: ::1 asked for ''
[/place]: ::1 asked for 'Botosani,'
[/place]: ::1 asked for ''
[/place]: ::1 asked for ''
[/place]: ::1 asked for 'V'
[/place]: ::1 asked for 'V'
[/place]: ::1 asked for 'Vie'
[/place]: ::1 asked for 'Viena'
[/place]: ::1 asked for 'Vien'
[/place]: ::1 asked for 'Vie'
[/weather]: ::1 asked for 'Vienna'
[/pictures]: ::1 asked for 'Vienna'
