[/place]: ::1 asked for 'ias'
[/place]: ::1 asked for 'iasi'
[/weather]: ::1 asked for 'Iasi'
[/pictures]: ::1 asked for 'Iasi'
[/place]: ::1 asked for 'bu'
[/place]: ::1 asked for 'buc'
[/place]: ::1 asked for 'bucu'
[/place]: ::1 asked for 'bucu'
[/place]: ::1 asked for 'bucur'
[/place]: ::1 asked for 'bucure'
[/place]: ::1 asked for 'bucurest'
[/place]: ::1 asked for 'bucurest'
[/weather]: ::1 asked for 'Bucharest'
[/pictures]: ::1 asked for 'Bucharest'
[/weather] [ERROR]: ::1 asked for 'Bucurestii Noi'
[/pictures]: ::1 asked for 'Bucurestii Noi'
[/weather]: ::1 asked for 'Bucharest'
[/pictures]: ::1 asked for 'Bucharest'
[/place]: ::1 asked for 'B'
[/place]: ::1 asked for 'B'
[/place]: ::1 asked for 'Buc'
[/place]: ::1 asked for 'Bucurest'
[/place]: ::1 asked for 'Buc'
[/place]: ::1 asked for 'Bucuresti'
[/place]: ::1 asked for 'Bucu'
[/place]: ::1 asked for 'Bucurest'
[/place]: ::1 asked for 'Bucure'
[/place]: ::1 asked for 'Bucure'
[/weather]: ::1 asked for 'Bucharest'
[/pictures]: ::1 asked for 'Bucharest'
[/place]: ::1 asked for 'G'
[/place]: ::1 asked for 'Ga'
[/place]: ::1 asked for 'Gal'
[/place]: ::1 asked for 'Gala'
[/place]: ::1 asked for 'Gala'
[/place]: ::1 asked for 'Galat'
[/place]: ::1 asked for 'Galati'
[/weather]: ::1 asked for 'Galati'
[/pictures]: ::1 asked for 'Galati'
[/place]: ::1 asked for 'Galati, Romania'
[/place]: ::1 asked for 'o'
[/place]: ::1 asked for ''
[/place]: ::1 asked for 'R'
[/place]: ::1 asked for 'Ro'
[/place]: ::1 asked for 'Rom'
[/place]: ::1 asked for 'Roma'
[/place]: ::1 asked for 'Roma'
[/weather]: ::1 asked for 'Rome'
[/pictures]: ::1 asked for 'Rome'
[/place]: ::1 asked for 'A'
[/place]: ::1 asked for 'A'
[/place]: ::1 asked for 'Ate'
[/place]: ::1 asked for 'Ate'
[/place]: ::1 asked for 'Aten'
[/place]: ::1 asked for 'Atena'
[/weather]: ::1 asked for 'Athens'
[/pictures]: ::1 asked for 'Athens'
[/place]: ::1 asked for 'S'
[/place]: ::1 asked for 'S'
[/place]: ::1 asked for 'St'
[/place]: ::1 asked for 'Sto'
[/weather]: ::1 asked for 'Stockholm'
[/pictures]: ::1 asked for 'Stockholm'
[/place]: ::1 asked for 'W'
[/place]: ::1 asked for 'Wa'
[/place]: ::1 asked for 'Wa'
[/place]: ::1 asked for 'Was'
[/place]: ::1 asked for 'Washi'
[/weather]: ::1 asked for 'Washington'
[/place]: ::1 asked for 'Washi'
[/pictures]: ::1 asked for 'Washington'
[/place]: ::1 asked for 'Washington, DC, USA'
[/place]: ::1 asked for 'Washington'
[/weather]: ::1 asked for 'Washington'
[/pictures]: ::1 asked for 'Washington'
[/place]: ::1 asked for 'W'
[/place]: ::1 asked for 'Wa'
[/place]: ::1 asked for 'Wa'
[/place]: ::1 asked for 'Was'
[/place]: ::1 asked for 'Wash'
[/place]: ::1 asked for 'Wash'
[/place]: ::1 asked for 'Wash'
[/place]: ::1 asked for 'Wash'
[/weather]: ::1 asked for 'Washington'
[/pictures]: ::1 asked for 'Washington'
[/weather]: ::1 asked for 'Washington'
[/pictures]: ::1 asked for 'Washington'
[/place]: ::1 asked for ''
[/place]: ::1 asked for 'T'
[/place]: ::1 asked for 'T'
[/place]: ::1 asked for 'To'
[/place]: ::1 asked for 'Toc'
[/place]: ::1 asked for 'Tock'
[/place]: ::1 asked for 'Toc'
[/place]: ::1 asked for 'To'
[/place]: ::1 asked for 'Tok'
[/weather]: ::1 asked for 'Tokyo'
[/pictures]: ::1 asked for 'Tokyo'
[/place]: ::1 asked for 'B'
[/place]: ::1 asked for 'B'
[/place]: ::1 asked for 'Bra'
[/place]: ::1 asked for 'Bras'
[/place]: ::1 asked for 'Bras'
[/place]: ::1 asked for 'Brasi'
[/place]: ::1 asked for 'Brasil'
[/weather] [ERROR]: ::1 asked for 'Brasília'
[/pictures]: ::1 asked for 'Brasília'
[/place]: ::1 asked for 'R'
[/place]: ::1 asked for 'R'
[/place]: ::1 asked for 'Rio'
[/place]: ::1 asked for 'Rio'
[/place]: ::1 asked for 'Rio'
[/place]: ::1 asked for 'Rio b'
[/place]: ::1 asked for 'Rio bra'
[/place]: ::1 asked for 'Rio bra'
[/place]: ::1 asked for 'Rio bras'
[/place]: ::1 asked for 'Rio bra'
[/place]: ::1 asked for 'Rio br'
[/place]: ::1 asked for 'Rio b'
[/place]: ::1 asked for 'Rio'
[/weather]: ::1 asked for 'Rio de Janeiro'
[/pictures]: ::1 asked for 'Rio de Janeiro'
[/weather] [ERROR]: ::1 asked for 'Río Negro'
[/pictures]: ::1 asked for 'Río Negro'
[/place]: ::1 asked for 'A'
[/place]: ::1 asked for 'A'
[/place]: ::1 asked for 'Ar'
[/place]: ::1 asked for 'Arge'
[/place]: ::1 asked for 'Arge'
[/place]: ::1 asked for 'Arges'
[/weather] [ERROR]: ::1 asked for 'Arges County'
[/pictures]: ::1 asked for 'Arges County'
[/place]: ::1 asked for 'Arges , Romania'
[/place]: ::1 asked for 'Arges, Romania'
[/weather] [ERROR]: ::1 asked for 'Arges'
[/pictures]: ::1 asked for 'Arges'
[/weather]: ::1 asked for 'Iasi'
[/pictures]: ::1 asked for 'Iasi'
[/weather]: ::1 asked for 'Iasi'
[/pictures]: ::1 asked for 'Iasi'
